<?xml version="1.0" encoding="UTF-8"?>
<testng-results ignored="0" total="1" passed="1" failed="0" skipped="0">
  <reporter-output>
  </reporter-output>
  <suite started-at="2025-07-03T18:03:15 IST" name="RegressionSuite" finished-at="2025-07-03T18:03:20 IST" duration-ms="5507">
    <groups>
    </groups>
    <test started-at="2025-07-03T18:03:15 IST" name="RegressionTests" finished-at="2025-07-03T18:03:20 IST" duration-ms="5507">
      <class name="test.LoginTest">
        <test-method is-config="true" signature="setUp()[pri:0, instance:test.LoginTest@2c35e847]" started-at="2025-07-03T18:03:15 IST" name="setUp" finished-at="2025-07-03T18:03:18 IST" duration-ms="3348" status="PASS">
          <reporter-output>
          </reporter-output>
        </test-method> <!-- setUp -->
        <test-method signature="loginTest()[pri:0, instance:test.LoginTest@2c35e847]" started-at="2025-07-03T18:03:18 IST" name="loginTest" finished-at="2025-07-03T18:03:20 IST" duration-ms="2026" status="PASS">
          <reporter-output>
          </reporter-output>
        </test-method> <!-- loginTest -->
        <test-method is-config="true" signature="tearDown()[pri:0, instance:test.LoginTest@2c35e847]" started-at="2025-07-03T18:03:20 IST" name="tearDown" finished-at="2025-07-03T18:03:20 IST" duration-ms="100" status="PASS">
          <reporter-output>
          </reporter-output>
        </test-method> <!-- tearDown -->
      </class> <!-- test.LoginTest -->
    </test> <!-- RegressionTests -->
  </suite> <!-- RegressionSuite -->
</testng-results>
