<?xml version="1.0" encoding="UTF-8"?>
<testng-results ignored="0" total="1" passed="1" failed="0" skipped="0">
  <reporter-output>
  </reporter-output>
  <suite started-at="2025-07-04T13:14:39 IST" name="RegressionSuite" finished-at="2025-07-04T13:14:45 IST" duration-ms="5997">
    <groups>
    </groups>
    <test started-at="2025-07-04T13:14:39 IST" name="RegressionTests" finished-at="2025-07-04T13:14:45 IST" duration-ms="5997">
      <class name="test.LoginTest">
        <test-method is-config="true" signature="setUp()[pri:0, instance:test.LoginTest@223f3642]" started-at="2025-07-04T13:14:39 IST" name="setUp" finished-at="2025-07-04T13:14:45 IST" duration-ms="5862" status="PASS">
          <reporter-output>
          </reporter-output>
        </test-method> <!-- setUp -->
        <test-method signature="loginTest()[pri:0, instance:test.LoginTest@223f3642]" started-at="2025-07-04T13:14:45 IST" name="loginTest" finished-at="2025-07-04T13:14:45 IST" duration-ms="10" status="PASS">
          <reporter-output>
          </reporter-output>
        </test-method> <!-- loginTest -->
        <test-method is-config="true" signature="tearDown()[pri:0, instance:test.LoginTest@223f3642]" started-at="2025-07-04T13:14:45 IST" name="tearDown" finished-at="2025-07-04T13:14:45 IST" duration-ms="104" status="PASS">
          <reporter-output>
          </reporter-output>
        </test-method> <!-- tearDown -->
      </class> <!-- test.LoginTest -->
    </test> <!-- RegressionTests -->
  </suite> <!-- RegressionSuite -->
</testng-results>
